[0.583s] Invoking command in '/home/zahir/multipacha_ws/src/reto_m6': DEBUGINFOD_URLS=https://debuginfod.ubuntu.com PYTHONPATH=/home/zahir/multipacha_ws/build/reto_m6/prefix_override:/usr/lib/python3/dist-packages/colcon_core/task/python/colcon_distutils_commands:/home/zahir/multipacha_ws/install/reto_m6/lib/python3.12/site-packages: /usr/bin/python3 -W ignore:setup.py install is deprecated -W ignore:easy_install command is deprecated setup.py egg_info --egg-base ../../build/reto_m6 build --build-base /home/zahir/multipacha_ws/build/reto_m6/build install --record /home/zahir/multipacha_ws/build/reto_m6/install.log --single-version-externally-managed install_data
[0.725s] running egg_info
[0.733s] writing ../../build/reto_m6/reto_m6.egg-info/PKG-INFO
[0.733s] writing dependency_links to ../../build/reto_m6/reto_m6.egg-info/dependency_links.txt
[0.733s] writing entry points to ../../build/reto_m6/reto_m6.egg-info/entry_points.txt
[0.733s] writing requirements to ../../build/reto_m6/reto_m6.egg-info/requires.txt
[0.733s] writing top-level names to ../../build/reto_m6/reto_m6.egg-info/top_level.txt
[0.749s] reading manifest file '../../build/reto_m6/reto_m6.egg-info/SOURCES.txt'
[0.750s] writing manifest file '../../build/reto_m6/reto_m6.egg-info/SOURCES.txt'
[0.750s] running build
[0.750s] running build_py
[0.751s] copying reto_m6/reto_topic_pub.py -> /home/zahir/multipacha_ws/build/reto_m6/build/lib/reto_m6
[0.751s] copying reto_m6/reto_topic_sub.py -> /home/zahir/multipacha_ws/build/reto_m6/build/lib/reto_m6
[0.751s] running install
[0.755s] running install_lib
[0.763s] copying /home/zahir/multipacha_ws/build/reto_m6/build/lib/reto_m6/reto_topic_pub.py -> /home/zahir/multipacha_ws/install/reto_m6/lib/python3.12/site-packages/reto_m6
[0.763s] copying /home/zahir/multipacha_ws/build/reto_m6/build/lib/reto_m6/reto_topic_sub.py -> /home/zahir/multipacha_ws/install/reto_m6/lib/python3.12/site-packages/reto_m6
[0.763s] byte-compiling /home/zahir/multipacha_ws/install/reto_m6/lib/python3.12/site-packages/reto_m6/reto_topic_pub.py to reto_topic_pub.cpython-312.pyc
[0.764s] byte-compiling /home/zahir/multipacha_ws/install/reto_m6/lib/python3.12/site-packages/reto_m6/reto_topic_sub.py to reto_topic_sub.cpython-312.pyc
[0.764s] running install_data
[0.764s] copying urdf/reto_robot.urdf -> /home/zahir/multipacha_ws/install/reto_m6/share/reto_m6/urdf
[0.765s] copying launch/launch_robot.py -> /home/zahir/multipacha_ws/install/reto_m6/share/reto_m6/launch
[0.765s] error: can't copy 'launch/display.launch.py': doesn't exist or not a regular file
[0.778s] Invoked command in '/home/zahir/multipacha_ws/src/reto_m6' returned '1': DEBUGINFOD_URLS=https://debuginfod.ubuntu.com PYTHONPATH=/home/zahir/multipacha_ws/build/reto_m6/prefix_override:/usr/lib/python3/dist-packages/colcon_core/task/python/colcon_distutils_commands:/home/zahir/multipacha_ws/install/reto_m6/lib/python3.12/site-packages: /usr/bin/python3 -W ignore:setup.py install is deprecated -W ignore:easy_install command is deprecated setup.py egg_info --egg-base ../../build/reto_m6 build --build-base /home/zahir/multipacha_ws/build/reto_m6/build install --record /home/zahir/multipacha_ws/build/reto_m6/install.log --single-version-externally-managed install_data
