[0.610s] Invoking command in '/home/zahir/multipacha_ws/src/reto_m6': DEBUGINFOD_URLS=https://debuginfod.ubuntu.com PYTHONPATH=/home/zahir/multipacha_ws/build/reto_m6/prefix_override:/usr/lib/python3/dist-packages/colcon_core/task/python/colcon_distutils_commands:/home/zahir/multipacha_ws/install/reto_m6/lib/python3.12/site-packages: /usr/bin/python3 -W ignore:setup.py install is deprecated -W ignore:easy_install command is deprecated setup.py egg_info --egg-base ../../build/reto_m6 build --build-base /home/zahir/multipacha_ws/build/reto_m6/build install --record /home/zahir/multipacha_ws/build/reto_m6/install.log --single-version-externally-managed install_data
[0.748s] running egg_info
[0.755s] writing ../../build/reto_m6/reto_m6.egg-info/PKG-INFO
[0.756s] writing dependency_links to ../../build/reto_m6/reto_m6.egg-info/dependency_links.txt
[0.756s] writing entry points to ../../build/reto_m6/reto_m6.egg-info/entry_points.txt
[0.756s] writing requirements to ../../build/reto_m6/reto_m6.egg-info/requires.txt
[0.756s] writing top-level names to ../../build/reto_m6/reto_m6.egg-info/top_level.txt
[0.772s] reading manifest file '../../build/reto_m6/reto_m6.egg-info/SOURCES.txt'
[0.772s] writing manifest file '../../build/reto_m6/reto_m6.egg-info/SOURCES.txt'
[0.772s] running build
[0.772s] running build_py
[0.772s] copying reto_m6/circle_point_publisher.py -> /home/zahir/multipacha_ws/build/reto_m6/build/lib/reto_m6
[0.773s] copying reto_m6/circle_point_detector.py -> /home/zahir/multipacha_ws/build/reto_m6/build/lib/reto_m6
[0.773s] running install
[0.777s] running install_lib
[0.785s] copying /home/zahir/multipacha_ws/build/reto_m6/build/lib/reto_m6/circle_point_publisher.py -> /home/zahir/multipacha_ws/install/reto_m6/lib/python3.12/site-packages/reto_m6
[0.786s] copying /home/zahir/multipacha_ws/build/reto_m6/build/lib/reto_m6/circle_point_detector.py -> /home/zahir/multipacha_ws/install/reto_m6/lib/python3.12/site-packages/reto_m6
[0.786s] byte-compiling /home/zahir/multipacha_ws/install/reto_m6/lib/python3.12/site-packages/reto_m6/circle_point_publisher.py to circle_point_publisher.cpython-312.pyc
[0.786s] byte-compiling /home/zahir/multipacha_ws/install/reto_m6/lib/python3.12/site-packages/reto_m6/circle_point_detector.py to circle_point_detector.cpython-312.pyc
[0.787s] running install_data
[0.787s] running install_egg_info
[0.796s] removing '/home/zahir/multipacha_ws/install/reto_m6/lib/python3.12/site-packages/reto_m6-0.0.0-py3.12.egg-info' (and everything under it)
[0.796s] Copying ../../build/reto_m6/reto_m6.egg-info to /home/zahir/multipacha_ws/install/reto_m6/lib/python3.12/site-packages/reto_m6-0.0.0-py3.12.egg-info
[0.796s] running install_scripts
[0.858s] Installing circle_point_detector script to /home/zahir/multipacha_ws/install/reto_m6/lib/reto_m6
[0.858s] Installing circle_point_publisher script to /home/zahir/multipacha_ws/install/reto_m6/lib/reto_m6
[0.858s] Installing figure_detector script to /home/zahir/multipacha_ws/install/reto_m6/lib/reto_m6
[0.858s] Installing figure_publisher script to /home/zahir/multipacha_ws/install/reto_m6/lib/reto_m6
[0.858s] Installing reto_pointcloud_pub script to /home/zahir/multipacha_ws/install/reto_m6/lib/reto_m6
[0.859s] Installing reto_topic_pub script to /home/zahir/multipacha_ws/install/reto_m6/lib/reto_m6
[0.859s] Installing reto_topic_sub script to /home/zahir/multipacha_ws/install/reto_m6/lib/reto_m6
[0.859s] writing list of installed files to '/home/zahir/multipacha_ws/build/reto_m6/install.log'
[0.878s] Invoked command in '/home/zahir/multipacha_ws/src/reto_m6' returned '0': DEBUGINFOD_URLS=https://debuginfod.ubuntu.com PYTHONPATH=/home/zahir/multipacha_ws/build/reto_m6/prefix_override:/usr/lib/python3/dist-packages/colcon_core/task/python/colcon_distutils_commands:/home/zahir/multipacha_ws/install/reto_m6/lib/python3.12/site-packages: /usr/bin/python3 -W ignore:setup.py install is deprecated -W ignore:easy_install command is deprecated setup.py egg_info --egg-base ../../build/reto_m6 build --build-base /home/zahir/multipacha_ws/build/reto_m6/build install --record /home/zahir/multipacha_ws/build/reto_m6/install.log --single-version-externally-managed install_data
