[0.556s] Invoking command in '/home/pedro2609/multipacha_ws/src/reto_m6': DEBUGINFOD_URLS=https://debuginfod.ubuntu.com PYTHONPATH=/home/pedro2609/multipacha_ws/build/reto_m6/prefix_override:/usr/lib/python3/dist-packages/colcon_core/task/python/colcon_distutils_commands:/home/pedro2609/multipacha_ws/install/reto_m6/lib/python3.12/site-packages:${PYTHONPATH} /usr/bin/python3 -W ignore:setup.py install is deprecated -W ignore:easy_install command is deprecated setup.py egg_info --egg-base ../../build/reto_m6 build --build-base /home/pedro2609/multipacha_ws/build/reto_m6/build install --record /home/pedro2609/multipacha_ws/build/reto_m6/install.log --single-version-externally-managed install_data
[0.738s] running egg_info
[0.750s] writing ../../build/reto_m6/reto_m6.egg-info/PKG-INFO
[0.751s] writing dependency_links to ../../build/reto_m6/reto_m6.egg-info/dependency_links.txt
[0.751s] writing entry points to ../../build/reto_m6/reto_m6.egg-info/entry_points.txt
[0.751s] writing requirements to ../../build/reto_m6/reto_m6.egg-info/requires.txt
[0.751s] writing top-level names to ../../build/reto_m6/reto_m6.egg-info/top_level.txt
[0.776s] reading manifest file '../../build/reto_m6/reto_m6.egg-info/SOURCES.txt'
[0.777s] writing manifest file '../../build/reto_m6/reto_m6.egg-info/SOURCES.txt'
[0.777s] running build
[0.777s] running build_py
[0.777s] copying reto_m6/pcl_shape_detector.py -> /home/pedro2609/multipacha_ws/build/reto_m6/build/lib/reto_m6
[0.777s] running install
[0.782s] running install_lib
[0.796s] copying /home/pedro2609/multipacha_ws/build/reto_m6/build/lib/reto_m6/pcl_shape_detector.py -> /home/pedro2609/multipacha_ws/install/reto_m6/lib/python3.12/site-packages/reto_m6
[0.796s] byte-compiling /home/pedro2609/multipacha_ws/install/reto_m6/lib/python3.12/site-packages/reto_m6/pcl_shape_detector.py to pcl_shape_detector.cpython-312.pyc
[0.797s] running install_data
[0.797s] running install_egg_info
[0.815s] removing '/home/pedro2609/multipacha_ws/install/reto_m6/lib/python3.12/site-packages/reto_m6-0.0.0-py3.12.egg-info' (and everything under it)
[0.815s] Copying ../../build/reto_m6/reto_m6.egg-info to /home/pedro2609/multipacha_ws/install/reto_m6/lib/python3.12/site-packages/reto_m6-0.0.0-py3.12.egg-info
[0.816s] running install_scripts
[0.904s] Installing pcl_shape_detector script to /home/pedro2609/multipacha_ws/install/reto_m6/lib/reto_m6
[0.904s] Installing pub_circulo script to /home/pedro2609/multipacha_ws/install/reto_m6/lib/reto_m6
[0.904s] Installing pub_cuadrado script to /home/pedro2609/multipacha_ws/install/reto_m6/lib/reto_m6
[0.904s] Installing reto_pointcloud_pub script to /home/pedro2609/multipacha_ws/install/reto_m6/lib/reto_m6
[0.904s] Installing reto_topic_pub script to /home/pedro2609/multipacha_ws/install/reto_m6/lib/reto_m6
[0.904s] Installing reto_topic_sub script to /home/pedro2609/multipacha_ws/install/reto_m6/lib/reto_m6
[0.904s] writing list of installed files to '/home/pedro2609/multipacha_ws/build/reto_m6/install.log'
[0.928s] Invoked command in '/home/pedro2609/multipacha_ws/src/reto_m6' returned '0': DEBUGINFOD_URLS=https://debuginfod.ubuntu.com PYTHONPATH=/home/pedro2609/multipacha_ws/build/reto_m6/prefix_override:/usr/lib/python3/dist-packages/colcon_core/task/python/colcon_distutils_commands:/home/pedro2609/multipacha_ws/install/reto_m6/lib/python3.12/site-packages:${PYTHONPATH} /usr/bin/python3 -W ignore:setup.py install is deprecated -W ignore:easy_install command is deprecated setup.py egg_info --egg-base ../../build/reto_m6 build --build-base /home/pedro2609/multipacha_ws/build/reto_m6/build install --record /home/pedro2609/multipacha_ws/build/reto_m6/install.log --single-version-externally-managed install_data
