[0.551s] Invoking command in '/home/pedro2609/multipacha_ws/src/reto_m6': DEBUGINFOD_URLS=https://debuginfod.ubuntu.com PYTHONPATH=/home/pedro2609/multipacha_ws/build/reto_m6/prefix_override:/usr/lib/python3/dist-packages/colcon_core/task/python/colcon_distutils_commands:/home/pedro2609/multipacha_ws/install/reto_m6/lib/python3.12/site-packages:${PYTHONPATH} /usr/bin/python3 -W ignore:setup.py install is deprecated -W ignore:easy_install command is deprecated setup.py egg_info --egg-base ../../build/reto_m6 build --build-base /home/pedro2609/multipacha_ws/build/reto_m6/build install --record /home/pedro2609/multipacha_ws/build/reto_m6/install.log --single-version-externally-managed install_data
[0.735s] running egg_info
[0.748s] writing ../../build/reto_m6/reto_m6.egg-info/PKG-INFO
[0.748s] writing dependency_links to ../../build/reto_m6/reto_m6.egg-info/dependency_links.txt
[0.748s] writing entry points to ../../build/reto_m6/reto_m6.egg-info/entry_points.txt
[0.748s] writing requirements to ../../build/reto_m6/reto_m6.egg-info/requires.txt
[0.748s] writing top-level names to ../../build/reto_m6/reto_m6.egg-info/top_level.txt
[0.773s] reading manifest file '../../build/reto_m6/reto_m6.egg-info/SOURCES.txt'
[0.774s] writing manifest file '../../build/reto_m6/reto_m6.egg-info/SOURCES.txt'
[0.774s] running build
[0.774s] running build_py
[0.774s] copying reto_m6/reto_topic_pub.py -> /home/pedro2609/multipacha_ws/build/reto_m6/build/lib/reto_m6
[0.774s] running install
[0.779s] running install_lib
[0.793s] copying /home/pedro2609/multipacha_ws/build/reto_m6/build/lib/reto_m6/reto_topic_pub.py -> /home/pedro2609/multipacha_ws/install/reto_m6/lib/python3.12/site-packages/reto_m6
[0.794s] byte-compiling /home/pedro2609/multipacha_ws/install/reto_m6/lib/python3.12/site-packages/reto_m6/reto_topic_pub.py to reto_topic_pub.cpython-312.pyc
[0.794s] running install_data
[0.794s] running install_egg_info
[0.809s] removing '/home/pedro2609/multipacha_ws/install/reto_m6/lib/python3.12/site-packages/reto_m6-0.0.0-py3.12.egg-info' (and everything under it)
[0.810s] Copying ../../build/reto_m6/reto_m6.egg-info to /home/pedro2609/multipacha_ws/install/reto_m6/lib/python3.12/site-packages/reto_m6-0.0.0-py3.12.egg-info
[0.810s] running install_scripts
[0.901s] Installing reto_topic_pub script to /home/pedro2609/multipacha_ws/install/reto_m6/lib/reto_m6
[0.901s] writing list of installed files to '/home/pedro2609/multipacha_ws/build/reto_m6/install.log'
[0.926s] Invoked command in '/home/pedro2609/multipacha_ws/src/reto_m6' returned '0': DEBUGINFOD_URLS=https://debuginfod.ubuntu.com PYTHONPATH=/home/pedro2609/multipacha_ws/build/reto_m6/prefix_override:/usr/lib/python3/dist-packages/colcon_core/task/python/colcon_distutils_commands:/home/pedro2609/multipacha_ws/install/reto_m6/lib/python3.12/site-packages:${PYTHONPATH} /usr/bin/python3 -W ignore:setup.py install is deprecated -W ignore:easy_install command is deprecated setup.py egg_info --egg-base ../../build/reto_m6 build --build-base /home/pedro2609/multipacha_ws/build/reto_m6/build install --record /home/pedro2609/multipacha_ws/build/reto_m6/install.log --single-version-externally-managed install_data
