/home/zahir/multipacha_ws/install/reto_m6/lib/python3.12/site-packages/reto_m6/figure_detector.py
/home/zahir/multipacha_ws/install/reto_m6/lib/python3.12/site-packages/reto_m6/reto_pointcloud_pub.py
/home/zahir/multipacha_ws/install/reto_m6/lib/python3.12/site-packages/reto_m6/figure_publisher.py
/home/zahir/multipacha_ws/install/reto_m6/lib/python3.12/site-packages/reto_m6/reto_topic_pub.py
/home/zahir/multipacha_ws/install/reto_m6/lib/python3.12/site-packages/reto_m6/reto_topic_sub.py
/home/zahir/multipacha_ws/install/reto_m6/lib/python3.12/site-packages/reto_m6/circle_point_publisher.py
/home/zahir/multipacha_ws/install/reto_m6/lib/python3.12/site-packages/reto_m6/circle_point_detector.py
/home/zahir/multipacha_ws/install/reto_m6/lib/python3.12/site-packages/reto_m6/__init__.py
/home/zahir/multipacha_ws/install/reto_m6/lib/python3.12/site-packages/reto_m6/__pycache__/figure_detector.cpython-312.pyc
/home/zahir/multipacha_ws/install/reto_m6/lib/python3.12/site-packages/reto_m6/__pycache__/reto_pointcloud_pub.cpython-312.pyc
/home/zahir/multipacha_ws/install/reto_m6/lib/python3.12/site-packages/reto_m6/__pycache__/figure_publisher.cpython-312.pyc
/home/zahir/multipacha_ws/install/reto_m6/lib/python3.12/site-packages/reto_m6/__pycache__/reto_topic_pub.cpython-312.pyc
/home/zahir/multipacha_ws/install/reto_m6/lib/python3.12/site-packages/reto_m6/__pycache__/reto_topic_sub.cpython-312.pyc
/home/zahir/multipacha_ws/install/reto_m6/lib/python3.12/site-packages/reto_m6/__pycache__/circle_point_publisher.cpython-312.pyc
/home/zahir/multipacha_ws/install/reto_m6/lib/python3.12/site-packages/reto_m6/__pycache__/circle_point_detector.cpython-312.pyc
/home/zahir/multipacha_ws/install/reto_m6/lib/python3.12/site-packages/reto_m6/__pycache__/__init__.cpython-312.pyc
/home/zahir/multipacha_ws/install/reto_m6/share/reto_m6/package.xml
/home/zahir/multipacha_ws/install/reto_m6/share/reto_m6/urdf/reto_robot.urdf
/home/zahir/multipacha_ws/install/reto_m6/share/reto_m6/launch/launch_pub.py
/home/zahir/multipacha_ws/install/reto_m6/share/reto_m6/launch/launch_robot.py
/home/zahir/multipacha_ws/install/reto_m6/share/reto_m6/launch/launch_sub.py
/home/zahir/multipacha_ws/install/reto_m6/share/reto_m6/config
/home/zahir/multipacha_ws/install/reto_m6/lib/python3.12/site-packages/reto_m6-0.0.0-py3.12.egg-info/entry_points.txt
/home/zahir/multipacha_ws/install/reto_m6/lib/python3.12/site-packages/reto_m6-0.0.0-py3.12.egg-info/zip-safe
/home/zahir/multipacha_ws/install/reto_m6/lib/python3.12/site-packages/reto_m6-0.0.0-py3.12.egg-info/SOURCES.txt
/home/zahir/multipacha_ws/install/reto_m6/lib/python3.12/site-packages/reto_m6-0.0.0-py3.12.egg-info/PKG-INFO
/home/zahir/multipacha_ws/install/reto_m6/lib/python3.12/site-packages/reto_m6-0.0.0-py3.12.egg-info/requires.txt
/home/zahir/multipacha_ws/install/reto_m6/lib/python3.12/site-packages/reto_m6-0.0.0-py3.12.egg-info/top_level.txt
/home/zahir/multipacha_ws/install/reto_m6/lib/python3.12/site-packages/reto_m6-0.0.0-py3.12.egg-info/dependency_links.txt
/home/zahir/multipacha_ws/install/reto_m6/lib/reto_m6/circle_point_detector
/home/zahir/multipacha_ws/install/reto_m6/lib/reto_m6/circle_point_publisher
/home/zahir/multipacha_ws/install/reto_m6/lib/reto_m6/figure_detector
/home/zahir/multipacha_ws/install/reto_m6/lib/reto_m6/figure_publisher
/home/zahir/multipacha_ws/install/reto_m6/lib/reto_m6/reto_pointcloud_pub
/home/zahir/multipacha_ws/install/reto_m6/lib/reto_m6/reto_topic_pub
/home/zahir/multipacha_ws/install/reto_m6/lib/reto_m6/reto_topic_sub
